<?xml version="1.0" encoding="UTF-8"?>
<!-- Generated by org.testng.reporters.JUnitReportReporter -->
<testsuite hostname="Jatt-PC" name="Class2" tests="1" failures="0" timestamp="9 Aug 2018 23:24:54 GMT" time="8.495" errors="0">
  <testcase name="select" time="8.495" classname="Class2"/>
</testsuite> <!-- Class2 -->
