<?xml version="1.0" encoding="UTF-8"?>
<!-- Generated by org.testng.reporters.JUnitReportReporter -->
<testsuite hostname="Jatt-PC" name="Login" tests="1" failures="0" timestamp="12 Aug 2018 23:11:41 GMT" time="10.013" errors="0">
  <testcase name="login" time="10.013" classname="Login"/>
</testsuite> <!-- Login -->
